<?xml version="1.0" encoding="UTF-8"?>
<!-- Generated by org.testng.reporters.JUnitReportReporter -->
<testsuite hostname="LAPTOP-LJILQEDE" name="com.automation.TestRunner.TestSample" tests="1" failures="0" timestamp="14 Mar 2021 06:22:52 GMT" time="65.509" errors="0">
  <testcase name="feature" time="65.509" classname="com.automation.TestRunner.TestSample"/>
</testsuite> <!-- com.automation.TestRunner.TestSample -->
