<?xml version="1.0" encoding="UTF-8"?>
<!-- Generated by org.testng.reporters.JUnitReportReporter -->
<testsuite hostname="LAPTOP-LJILQEDE" name="com.automation.TestRunner.TestRunners" tests="1" failures="0" timestamp="28 Mar 2021 09:43:56 GMT" time="79.644" errors="0">
  <testcase name="feature" time="79.644" classname="com.automation.TestRunner.TestRunners"/>
</testsuite> <!-- com.automation.TestRunner.TestRunners -->
