<?xml version="1.0" encoding="UTF-8"?>
<!-- Generated by org.testng.reporters.JUnitReportReporter -->
<testsuite skipped="0" hostname="LAPTOP-LJILQEDE" name="com.automation.StepDefs.Trying" tests="1" failures="0" timestamp="10 Mar 2021 09:15:23 GMT" time="17.998" errors="0">
  <testcase name="tril" time="17.998" classname="com.automation.StepDefs.Trying"/>
</testsuite> <!-- com.automation.StepDefs.Trying -->
